<?xml version="1.0" encoding="UTF-8" ?>
<testsuite errors="1" failures="0" hostname="SONIO314" name="tui.atCore.TestInventory" tests="1" time="164.524" timestamp="2015-10-27T13:01:35">
  <properties>
[...]
</properties>
  <testcase classname="tui.atCore.TestInventory" name="testInventory" time="164.351">
    <error message="No alert is active (WARNING: The server did not provide any stacktrace information)
Command duration or timeout: 353 milliseconds
Build info: version: &apos;2.44.0&apos;, revision: &apos;76d78cf323ce037c5f92db6c1bba601c2ac43ad8&apos;, time: &apos;2014-10-23 13:11:40&apos;
System info: host: &apos;SONIO314&apos;, ip: &apos;10.174.1.137&apos;, os.name: &apos;Windows 7&apos;, os.arch: &apos;x86&apos;, os.version: &apos;6.1&apos;, java.version: &apos;1.7.0_45&apos;
Session ID: 75b0261f-03fb-42bf-872a-485df58d0a0a
Driver info: org.openqa.selenium.ie.InternetExplorerDriver
Capabilities [{platform=WINDOWS, javascriptEnabled=true, elementScrollBehavior=0, ignoreZoomSetting=false, enablePersistentHover=true, ie.ensureCleanSession=false, browserName=internet explorer, enableElementCacheCleanup=true, unexpectedAlertBehaviour=dismiss, version=8, pageLoadStrategy=normal, ie.usePerProcessProxy=false, cssSelectorsEnabled=true, ignoreProtectedModeSettings=false, requireWindowFocus=false, initialBrowserUrl=http://localhost:40817/, handlesAlerts=true, ie.forceCreateProcessApi=false, nativeEvents=true, browserAttachTimeout=0, ie.browserCommandLineSwitches=, takesScreenshot=true}]" type="org.openqa.selenium.NoAlertPresentException"></error>
  </testcase>
  <system-out><![CDATA[main handle = 796ca623-ef13-4aa5-82fc-58065232c7c8
main title= WebDriver

session ID = 75b0261f-03fb-42bf-872a-485df58d0a0a
handles count = 2
loop handle = 796ca623-ef13-4aa5-82fc-58065232c7c8
loop handle = 64a13212-488d-4e27-bcce-05f6523ac5f2
Found the window with handle = 64a13212-488d-4e27-bcce-05f6523ac5f2
getDriverHandle(): currHandle = 64a13212-488d-4e27-bcce-05f6523ac5f2
getDriverHandle(): currTitle =  Inventory                                                                                                                                                                                                                                                                                                                                                                                                                

Title inventory window = Inventory                                                                                                                                                                                                                                                                                                                                                                                                                

session ID = 75b0261f-03fb-42bf-872a-485df58d0a0a
handles count = 3
loop handle = 796ca623-ef13-4aa5-82fc-58065232c7c8
loop handle = 64a13212-488d-4e27-bcce-05f6523ac5f2
loop handle = 9a329b11-8b71-4d6b-bd5b-5ef511016104
Found the window with handle = 9a329b11-8b71-4d6b-bd5b-5ef511016104
getDriverHandle(): currHandle = 9a329b11-8b71-4d6b-bd5b-5ef511016104
getDriverHandle(): currTitle =  Audit text

Title after = Audit text
]]></system-out>
  <system-err><![CDATA[Started InternetExplorerDriver server (64-bit)
2.48.0.0
Listening on port 40817
]]></system-err>
</testsuite>
